c:\users\20027\onedrive\desktop\intro to game programming\assignments\rise of the ai\rise of the ai\debug\vc143.pdb
c:\users\20027\onedrive\desktop\intro to game programming\assignments\rise of the ai\rise of the ai\debug\vc143.idb
c:\users\20027\onedrive\desktop\intro to game programming\assignments\rise of the ai\rise of the ai\debug\utility.obj
c:\users\20027\onedrive\desktop\intro to game programming\assignments\rise of the ai\rise of the ai\debug\shaderprogram.obj
c:\users\20027\onedrive\desktop\intro to game programming\assignments\rise of the ai\rise of the ai\debug\scene.obj
c:\users\20027\onedrive\desktop\intro to game programming\assignments\rise of the ai\rise of the ai\debug\map.obj
c:\users\20027\onedrive\desktop\intro to game programming\assignments\rise of the ai\rise of the ai\debug\main.obj
c:\users\20027\onedrive\desktop\intro to game programming\assignments\rise of the ai\rise of the ai\debug\levelb.obj
c:\users\20027\onedrive\desktop\intro to game programming\assignments\rise of the ai\rise of the ai\debug\levela.obj
c:\users\20027\onedrive\desktop\intro to game programming\assignments\rise of the ai\rise of the ai\debug\entity.obj
c:\users\20027\onedrive\desktop\intro to game programming\assignments\rise of the ai\rise of the ai\debug\character.obj
c:\users\20027\onedrive\desktop\intro to game programming\assignments\rise of the ai\debug\rise of the ai.exe
c:\users\20027\onedrive\desktop\intro to game programming\assignments\rise of the ai\debug\rise of the ai.pdb
c:\users\20027\onedrive\desktop\intro to game programming\assignments\rise of the ai\rise of the ai\debug\rise of the ai.ilk
c:\users\20027\onedrive\desktop\intro to game programming\assignments\rise of the ai\rise of the ai\debug\rise of the ai.tlog\cl.command.1.tlog
c:\users\20027\onedrive\desktop\intro to game programming\assignments\rise of the ai\rise of the ai\debug\rise of the ai.tlog\cl.items.tlog
c:\users\20027\onedrive\desktop\intro to game programming\assignments\rise of the ai\rise of the ai\debug\rise of the ai.tlog\cl.read.1.tlog
c:\users\20027\onedrive\desktop\intro to game programming\assignments\rise of the ai\rise of the ai\debug\rise of the ai.tlog\cl.write.1.tlog
c:\users\20027\onedrive\desktop\intro to game programming\assignments\rise of the ai\rise of the ai\debug\rise of the ai.tlog\link.command.1.tlog
c:\users\20027\onedrive\desktop\intro to game programming\assignments\rise of the ai\rise of the ai\debug\rise of the ai.tlog\link.read.1.tlog
c:\users\20027\onedrive\desktop\intro to game programming\assignments\rise of the ai\rise of the ai\debug\rise of the ai.tlog\link.secondary.1.tlog
c:\users\20027\onedrive\desktop\intro to game programming\assignments\rise of the ai\rise of the ai\debug\rise of the ai.tlog\link.write.1.tlog
